<?xml version="1.0" encoding="UTF-8" ?>
<testsuite tests="6" failures="0" name="com.acme.edu.iteration02.LoggerTest" time="0.041" errors="0" skipped="0">
  <properties>
[...]
</properties>
  <testcase classname="com.acme.edu.iteration02.LoggerTest" name="shouldLogSequentIntegersAsSum" time="0.037"/>
  <testcase classname="com.acme.edu.iteration02.LoggerTest" name="shouldLogSameSubsequentStringsWithoutRepeat" time="0"/>
  <testcase classname="com.acme.edu.iteration02.LoggerTest" name="shouldLogCorrectlyIntegerNegativeOverflowWhenSequentIntegers" time="0.001"/>
  <testcase classname="com.acme.edu.iteration02.LoggerTest" name="shouldLogCorrectlyByteNegativeOverflowWhenSequentBytes" time="0.001"/>
  <testcase classname="com.acme.edu.iteration02.LoggerTest" name="shouldLogCorrectlyBytePositiveOverflowWhenSequentBytes" time="0.001"/>
  <testcase classname="com.acme.edu.iteration02.LoggerTest" name="shouldLogCorrectlyIntegerPositiveOverflowWhenSequentIntegers" time="0.001"/>
</testsuite>